CREATE DATABASE COREJAVA USING CODESET UTF-8 TERRITORY CN
DB20000I  CREATE DATABASE 命令成功完成。

CONNECT TO COREJAVA

   数据库连接信息

 数据库服务器         = DB2/NT64 10.1.0
 SQL 授权标识         = LINGANG
 本地数据库别名       = COREJAVA


GRANT CREATETAB ON DATABASE TO USER corejava
DB20000I  SQL 命令成功完成。

GRANT BINDADD ON DATABASE TO USER corejava
DB20000I  SQL 命令成功完成。

GRANT CONNECT ON DATABASE TO USER corejava
DB20000I  SQL 命令成功完成。

GRANT CREATE_NOT_FENCED ON DATABASE TO USER corejava
DB20000I  SQL 命令成功完成。

GRANT IMPLICIT_SCHEMA ON DATABASE TO USER corejava
DB20000I  SQL 命令成功完成。

GRANT LOAD ON DATABASE TO USER corejava
DB20000I  SQL 命令成功完成。

GRANT DBADM ON DATABASE TO USER corejava
DB20000I  SQL 命令成功完成。

